\BOOKMARK [1][-]{section.1}{\376\377\000I\000n\000t\000r\000o\000d\000u\000c\000t\000i\000o\000n}{}% 1
\BOOKMARK [1][-]{section.2}{\376\377\000M\000e\000t\000h\000o\000d\000s\000\040\000a\000n\000d\000\040\000M\000a\000t\000e\000r\000i\000a\000l\000s}{}% 2
\BOOKMARK [2][-]{subsection.2.1}{\376\377\000P\000a\000r\000t\000i\000c\000i\000p\000a\000n\000t\000s}{section.2}% 3
\BOOKMARK [2][-]{subsection.2.2}{\376\377\000E\000a\000r\000m\000o\000l\000d\000s}{section.2}% 4
\BOOKMARK [2][-]{subsection.2.3}{\376\377\000E\000x\000p\000e\000r\000i\000m\000e\000n\000t\000a\000l\000\040\000p\000r\000o\000c\000e\000d\000u\000r\000e}{section.2}% 5
\BOOKMARK [2][-]{subsection.2.4}{\376\377\000S\000t\000i\000m\000u\000l\000i}{section.2}% 6
\BOOKMARK [2][-]{subsection.2.5}{\376\377\000L\000o\000c\000a\000l\000i\000z\000a\000t\000i\000o\000n\000\040\000t\000a\000s\000k}{section.2}% 7
\BOOKMARK [2][-]{subsection.2.6}{\376\377\000T\000r\000a\000i\000n\000i\000n\000g}{section.2}% 8
\BOOKMARK [2][-]{subsection.2.7}{\376\377\000D\000i\000r\000e\000c\000t\000i\000o\000n\000a\000l\000\040\000t\000r\000a\000n\000s\000f\000e\000r\000\040\000f\000u\000n\000c\000t\000i\000o\000n\000s}{section.2}% 9
\BOOKMARK [2][-]{subsection.2.8}{\376\377\000S\000t\000a\000t\000i\000s\000t\000i\000c\000a\000l\000\040\000a\000n\000a\000l\000y\000s\000i\000s}{section.2}% 10
\BOOKMARK [1][-]{section.3}{\376\377\000R\000E\000S\000U\000L\000T\000S}{}% 11
\BOOKMARK [2][-]{subsection.3.1}{\376\377\000R\000e\000l\000a\000t\000i\000o\000n\000\040\000b\000e\000t\000w\000e\000e\000n\000\040\000V\000S\000I\000\040\000a\000n\000d\000\040\000l\000o\000c\000a\000l\000i\000z\000a\000t\000i\000o\000n\000\040\000p\000e\000r\000f\000o\000r\000m\000a\000n\000c\000e\000\040\000f\000r\000e\000e\000\040\000e\000a\000r\000s}{section.3}% 12
\BOOKMARK [2][-]{subsection.3.2}{\376\377\000E\000a\000r\000m\000o\000l\000d\000s\000\040\000r\000e\000d\000u\000c\000e\000d\000\040\000s\000p\000e\000c\000t\000r\000a\000l\000\040\000i\000n\000f\000o\000r\000m\000a\000t\000i\000o\000n\000\040\000i\000n\000\040\000t\000h\000e\000\040\0005\000.\0007\000-\0001\0001\000.\0003\000\040\000k\000H\000z\000\040\000b\000a\000n\000d}{section.3}% 13
\BOOKMARK [2][-]{subsection.3.3}{\376\377\000A\000c\000o\000u\000s\000t\000i\000c\000\040\000c\000h\000a\000n\000g\000e\000s\000\040\000o\000c\000c\000u\000r\000r\000e\000d\000\040\000a\000t\000\040\000s\000i\000m\000i\000l\000a\000r\000\040\000f\000r\000e\000q\000u\000e\000n\000c\000i\000e\000s\000\040\000a\000c\000r\000o\000s\000s\000\040\000p\000a\000r\000t\000i\000c\000i\000p\000a\000n\000t\000s\000\040\000a\000n\000d\000\040\000w\000e\000r\000e\000\040\000d\000i\000f\000f\000e\000r\000e\000n\000t\000\040\000f\000o\000r\000\040\000b\000o\000t\000h\000\040\000s\000e\000t\000s\000\040\000o\000f\000\040\000e\000a\000r\000m\000o\000l\000d\000s}{section.3}% 14
\BOOKMARK [2][-]{subsection.3.4}{\376\377\000C\000o\000n\000s\000e\000c\000u\000t\000i\000v\000e\000\040\000D\000T\000F\000s\000\040\000w\000e\000r\000e\000\040\000e\000q\000u\000a\000l\000l\000y\000\040\000d\000i\000s\000s\000i\000m\000i\000l\000a\000r\000\040\000a\000n\000d\000\040\000p\000h\000y\000s\000i\000o\000l\000o\000g\000i\000c\000a\000l\000l\000y\000\040\000p\000l\000a\000u\000s\000i\000b\000l\000e}{section.3}% 15
\BOOKMARK [2][-]{subsection.3.5}{\376\377\000E\000a\000r\000m\000o\000l\000d\000s\000\040\000r\000e\000d\000u\000c\000e\000d\000\040\000v\000e\000r\000t\000i\000c\000a\000l\000\040\000l\000o\000c\000a\000l\000i\000z\000a\000t\000i\000o\000n\000\040\000p\000e\000r\000f\000o\000r\000m\000a\000n\000c\000e}{section.3}% 16
\BOOKMARK [2][-]{subsection.3.6}{\376\377\000E\000f\000f\000e\000c\000t\000s\000\040\000o\000f\000\040\000V\000S\000I\000\040\000d\000i\000s\000s\000i\000m\000i\000l\000a\000r\000i\000t\000y\000\040\000b\000e\000t\000w\000e\000e\000n\000\040\000p\000i\000n\000n\000a\000\040\000s\000h\000a\000p\000e\000s\000\040\000o\000n\000\040\000l\000o\000c\000a\000l\000i\000z\000a\000t\000i\000o\000n\000\040\000a\000c\000c\000u\000r\000a\000c\000y}{section.3}% 17
\BOOKMARK [2][-]{subsection.3.7}{\376\377\000P\000a\000r\000t\000i\000c\000i\000p\000a\000n\000t\000s\000\040\000c\000o\000n\000s\000e\000c\000u\000t\000i\000v\000e\000l\000y\000\040\000a\000d\000a\000p\000t\000e\000d\000\040\000t\000o\000\040\000t\000w\000o\000\040\000n\000o\000v\000e\000l\000\040\000s\000e\000t\000s\000\040\000o\000f\000\040\000D\000T\000F\000s}{section.3}% 18
\BOOKMARK [2][-]{subsection.3.8}{\376\377\000N\000o\000\040\000d\000i\000f\000f\000e\000r\000e\000n\000c\000e\000\040\000b\000e\000t\000w\000e\000e\000n\000\040\000r\000a\000t\000e\000s\000\040\000o\000f\000\040\000a\000d\000a\000p\000t\000a\000t\000i\000o\000n\000\040\000t\000o\000\040\000f\000i\000r\000s\000t\000\040\000a\000n\000d\000\040\000s\000e\000c\000o\000n\000d\000\040\000e\000a\000r\000m\000o\000l\000d\000s}{section.3}% 19
\BOOKMARK [2][-]{subsection.3.9}{\376\377\000A\000d\000a\000p\000t\000a\000t\000i\000o\000n\000\040\000w\000a\000s\000\040\000g\000e\000n\000e\000r\000a\000l\000i\000z\000a\000b\000l\000e}{section.3}% 20
\BOOKMARK [2][-]{subsection.3.10}{\376\377\000N\000o\000\040\000a\000f\000t\000e\000r\000e\000f\000f\000e\000c\000t\000\040\000o\000n\000\040\000f\000r\000e\000e\000\040\000e\000a\000r\000s\000\040\000l\000o\000c\000a\000l\000i\000z\000a\000t\000i\000o\000n\000\040\000p\000e\000r\000f\000o\000r\000m\000a\000n\000c\000e\000\040\000a\000f\000t\000e\000r\000\040\000m\000o\000l\000d\000\040\000r\000e\000m\000o\000v\000a\000l}{section.3}% 21
\BOOKMARK [2][-]{subsection.3.11}{\376\377\000E\000f\000f\000e\000c\000t\000s\000\040\000o\000f\000\040\000m\000o\000l\000d\000\040\000i\000n\000d\000u\000c\000e\000d\000\040\000a\000c\000o\000u\000s\000t\000i\000c\000\040\000d\000i\000f\000f\000e\000r\000e\000n\000c\000e\000s\000\040\000o\000n\000\040\000a\000d\000a\000p\000t\000a\000t\000i\000o\000n}{section.3}% 22
\BOOKMARK [1][-]{section.4}{\376\377\000R\000e\000f\000e\000r\000e\000n\000c\000e\000s}{}% 23
